<?xml version="1.0" encoding="UTF-8"?>
<!-- Generated by org.testng.reporters.JUnitReportReporter -->
<testsuite hostname="DESKTOP-E69K95O" name="testPack.sauceDemoNG" tests="3" failures="0" timestamp="11 Jul 2021 15:48:01 GMT" time="1.453" errors="0">
  <testcase name="login_Element_Validation" time="0.294" classname="testPack.sauceDemoNG"/>
  <testcase name="naegative_login_Validation" time="0.654" classname="testPack.sauceDemoNG"/>
  <testcase name="positive_login_Validation" time="0.505" classname="testPack.sauceDemoNG"/>
</testsuite> <!-- testPack.sauceDemoNG -->
