<?xml version="1.0" encoding="UTF-8"?>
<!-- Generated by org.testng.reporters.JUnitReportReporter -->
<testsuite hostname="DESKTOP-E69K95O" name="sauceDemoTest.SauceDemoNGV2" tests="3" failures="0" timestamp="17 Jul 2021 15:59:31 GMT" time="0.948" errors="0">
  <testcase name="login_Element_Validation" time="0.278" classname="sauceDemoTest.SauceDemoNGV2"/>
  <testcase name="positive_login_Validation" time="0.384" classname="sauceDemoTest.SauceDemoNGV2"/>
  <testcase name="naegative_login_Validation" time="0.286" classname="sauceDemoTest.SauceDemoNGV2"/>
</testsuite> <!-- sauceDemoTest.SauceDemoNGV2 -->
