<?xml version="1.0" encoding="UTF-8"?>
<!-- Generated by org.testng.reporters.JUnitReportReporter -->
<testsuite hostname="DESKTOP-E69K95O" name="sauceDemoTest.sauceDemoLogin" tests="5" failures="0" timestamp="17 Jul 2021 17:44:16 GMT" time="27.415" errors="0">
  <testcase name="dataloginValidation" time="5.212" classname="sauceDemoTest.sauceDemoLogin"/>
  <testcase name="dataloginValidation" time="5.156" classname="sauceDemoTest.sauceDemoLogin"/>
  <testcase name="dataloginValidation" time="5.770" classname="sauceDemoTest.sauceDemoLogin"/>
  <testcase name="dataloginValidation" time="5.534" classname="sauceDemoTest.sauceDemoLogin"/>
  <testcase name="dataloginValidation" time="5.743" classname="sauceDemoTest.sauceDemoLogin"/>
</testsuite> <!-- sauceDemoTest.sauceDemoLogin -->
