<?xml version="1.0" encoding="UTF-8"?>
<!-- Generated by org.testng.reporters.JUnitReportReporter -->
<testsuite hostname="DESKTOP-E69K95O" name="sauceDemoTest.sauceDemoNG" tests="3" failures="0" timestamp="17 Jul 2021 15:59:31 GMT" time="1.068" errors="0">
  <testcase name="login_Element_Validation" time="0.262" classname="sauceDemoTest.sauceDemoNG"/>
  <testcase name="positive_login_Validation" time="0.422" classname="sauceDemoTest.sauceDemoNG"/>
  <testcase name="naegative_login_Validation" time="0.384" classname="sauceDemoTest.sauceDemoNG"/>
</testsuite> <!-- sauceDemoTest.sauceDemoNG -->
