<?xml version="1.0" encoding="UTF-8"?>
<!-- Generated by org.testng.reporters.JUnitReportReporter -->
<testsuite hostname="DESKTOP-E69K95O" name="sauceDemoTest.productValidation" tests="1" failures="0" timestamp="17 Jul 2021 15:55:04 GMT" time="0.001" errors="0">
  <testcase name="productValidation" time="0.001" classname="sauceDemoTest.productValidation"/>
</testsuite> <!-- sauceDemoTest.productValidation -->
